INFO:2022-15-04 14:42:53:name = 2007_000452, pred_cls = [[0.0804 0.1181 0.0463 0.0914 0.0972 0.1147 0.1704 0.2319 0.2038 0.0537
  0.1087 0.0807 0.101  0.1379 0.0668 0.1652 0.1329 0.2657 0.1629 0.1977]]
INFO:2022-15-04 14:43:30:name = 2007_000661, pred_cls = [[0.1109 0.1481 0.0792 0.1061 0.1021 0.102  0.1052 0.1968 0.1824 0.0417
  0.1472 0.0921 0.077  0.1201 0.0304 0.1783 0.0983 0.186  0.1233 0.2626]]
INFO:2022-15-04 14:43:52:name = 2007_000804, pred_cls = [[0.0522 0.0751 0.0437 0.076  0.0851 0.0792 0.132  0.1829 0.2056 0.0787
  0.1445 0.0854 0.0987 0.0958 0.0104 0.1387 0.1282 0.2024 0.1048 0.1589]]
INFO:2022-15-04 14:44:08:name = 2007_000830, pred_cls = [[0.0806 0.0799 0.0921 0.0341 0.0809 0.1049 0.1294 0.1468 0.1946 0.0827
  0.1828 0.1004 0.1131 0.0716 0.0414 0.1875 0.1039 0.1037 0.0863 0.1129]]
INFO:2022-15-04 14:45:57:name = 2007_001457, pred_cls = [[0.0947 0.1185 0.0126 0.0835 0.095  0.0855 0.1577 0.1842 0.2124 0.0647
  0.1577 0.0811 0.0898 0.1239 0.0379 0.1588 0.1243 0.2833 0.1035 0.167 ]]
INFO:2022-15-04 14:46:51:name = 2007_001677, pred_cls = [[0.05   0.0525 0.082  0.0149 0.1072 0.0829 0.1028 0.1569 0.1845 0.072
  0.2646 0.0681 0.0726 0.0858 0.0035 0.1339 0.0848 0.1496 0.0973 0.1181]]
INFO:2022-15-04 14:47:01:name = 2007_001678, pred_cls = [[0.1411 0.1743 0.0167 0.1391 0.1259 0.1257 0.16   0.1451 0.2085 0.0821
  0.1284 0.0843 0.0797 0.2238 0.1216 0.1116 0.0828 0.2541 0.1892 0.3116]]
INFO:2022-15-04 14:47:27:name = 2007_001717, pred_cls = [[0.0699 0.1288 0.0161 0.1231 0.0603 0.0637 0.1445 0.1262 0.1221 0.0613
  0.0988 0.0885 0.05   0.1104 0.1737 0.1352 0.0639 0.1601 0.0831 0.2054]]
INFO:2022-15-04 14:48:07:name = 2007_003011, pred_cls = [[0.079  0.0866 0.0734 0.1047 0.1025 0.1627 0.1442 0.1485 0.1907 0.1071
  0.1733 0.0385 0.1085 0.0424 0.0243 0.117  0.1366 0.2745 0.1599 0.2791]]
INFO:2022-15-04 14:48:53:name = 2007_004193, pred_cls = [[0.0692 0.1257 0.0534 0.0662 0.0838 0.0845 0.116  0.1412 0.1359 0.0655
  0.0742 0.055  0.0552 0.0692 0.0228 0.1534 0.0624 0.1651 0.0891 0.3201]]
INFO:2022-15-04 14:49:03:name = 2007_004392, pred_cls = [[0.0501 0.0902 0.0248 0.0628 0.1031 0.0557 0.0771 0.1434 0.1295 0.042
  0.126  0.0741 0.0542 0.1076 0.0292 0.1933 0.0878 0.1329 0.0597 0.1811]]
INFO:2022-15-04 14:49:24:name = 2007_004405, pred_cls = [[0.0871 0.1167 0.0772 0.1151 0.1706 0.1171 0.1438 0.1219 0.2523 0.1072
  0.266  0.0913 0.1157 0.0866 0.1146 0.2385 0.0665 0.1287 0.1176 0.1196]]
INFO:2022-15-04 14:49:40:name = 2007_004510, pred_cls = [[0.0826 0.1296 0.0174 0.06   0.0925 0.1138 0.0937 0.179  0.1588 0.0425
  0.1073 0.0729 0.0533 0.1389 0.0145 0.1543 0.065  0.2025 0.1109 0.3063]]
INFO:2022-15-04 14:50:04:name = 2007_004712, pred_cls = [[0.0471 0.0723 0.0524 0.0596 0.0962 0.0367 0.0799 0.1327 0.1715 0.0389
  0.1236 0.0765 0.0712 0.0597 0.0719 0.2006 0.0787 0.1691 0.04   0.1552]]
INFO:2022-15-04 14:50:41:name = 2007_005844, pred_cls = [[0.0725 0.1073 0.0497 0.0377 0.0578 0.0992 0.1319 0.1446 0.221  0.0632
  0.1734 0.1152 0.0646 0.0651 0.0052 0.1219 0.102  0.1246 0.0723 0.1947]]
INFO:2022-15-04 14:51:28:name = 2007_006086, pred_cls = [[0.0987 0.0736 0.0779 0.0573 0.2435 0.0703 0.0943 0.1102 0.1573 0.0465
  0.3294 0.0244 0.0559 0.1229 0.0564 0.1489 0.0445 0.0899 0.0734 0.084 ]]
INFO:2022-15-04 14:53:40:name = 2007_006241, pred_cls = [[0.0437 0.0534 0.0781 0.02   0.1251 0.0532 0.1026 0.1197 0.1594 0.058
  0.3643 0.0379 0.0733 0.1087 0.032  0.1177 0.0253 0.1439 0.0469 0.1278]]
